{
  "RSpec": {
    "coverage": {
      "/Users/drewreynolds/Documents/Turing/4Module/reading-list/app/helpers/application_helper.rb": [
        1,
        1,
        null,
        null,
        null,
        null,
        6,
        null,
        null
      ],
      "/Users/drewreynolds/Documents/Turing/4Module/reading-list/app/helpers/links_helper.rb": [
        1,
        null
      ],
      "/Users/drewreynolds/Documents/Turing/4Module/reading-list/app/helpers/sessions_helper.rb": [
        1,
        null
      ],
      "/Users/drewreynolds/Documents/Turing/4Module/reading-list/app/helpers/users_helper.rb": [
        1,
        null
      ],
      "/Users/drewreynolds/Documents/Turing/4Module/reading-list/app/helpers/welcome_helper.rb": [
        1,
        null
      ],
      "/Users/drewreynolds/Documents/Turing/4Module/reading-list/app/controllers/links_controller.rb": [
        1,
        null,
        1,
        null,
        null,
        1,
        null,
        null,
        1,
        0,
        0,
        0,
        0,
        0,
        0,
        null,
        null,
        0,
        null,
        null,
        null,
        1,
        0,
        0,
        0,
        0,
        null,
        0,
        null,
        0,
        0,
        0,
        0,
        null,
        null,
        null,
        null
      ],
      "/Users/drewreynolds/Documents/Turing/4Module/reading-list/app/controllers/application_controller.rb": [
        1,
        null,
        null,
        1,
        null,
        1,
        12,
        null,
        null,
        1,
        null
      ],
      "/Users/drewreynolds/Documents/Turing/4Module/reading-list/app/models/link.rb": [
        1,
        1,
        1,
        1,
        1,
        1,
        null,
        1,
        null,
        1,
        0,
        0,
        0,
        0,
        null,
        null,
        null,
        null
      ],
      "/Users/drewreynolds/Documents/Turing/4Module/reading-list/app/models/user.rb": [
        1,
        1,
        1,
        1,
        1,
        1,
        null,
        1,
        null,
        1,
        2,
        null,
        null,
        1,
        0,
        null,
        null,
        1,
        2,
        null,
        null,
        1,
        0,
        null,
        null
      ],
      "/Users/drewreynolds/Documents/Turing/4Module/reading-list/app/controllers/welcome_controller.rb": [
        1,
        null,
        1,
        7,
        null,
        null,
        null
      ],
      "/Users/drewreynolds/Documents/Turing/4Module/reading-list/app/controllers/sessions_controller.rb": [
        1,
        null,
        1,
        3,
        3,
        0,
        0,
        null,
        3,
        3,
        null,
        null,
        null,
        1,
        1,
        1,
        1,
        null,
        null,
        null
      ],
      "/Users/drewreynolds/Documents/Turing/4Module/reading-list/app/controllers/users_controller.rb": [
        1,
        null,
        1,
        2,
        2,
        null,
        null,
        1,
        2,
        2,
        2,
        2,
        2,
        null,
        0,
        0,
        null,
        null,
        null,
        1,
        null,
        1,
        2,
        null,
        null
      ]
    },
    "timestamp": 1443045198
  }
}
